<?xml version="1.0" encoding="UTF-8"?>
<!-- Generated by org.testng.reporters.JUnitReportReporter -->
<testsuite hostname="DESKTOP-DC07V1Q" failures="0" tests="2" name="com.crm.qa.testcases.ContactsPageTest" time="65.344" errors="0" timestamp="27 Feb 2020 18:41:12 GMT" skipped="0">
  <testcase classname="com.crm.qa.testcases.ContactsPageTest" name="validateCreateNewContact" time="31.660"/>
  <testcase classname="com.crm.qa.testcases.ContactsPageTest" name="validateCreateNewContact" time="33.684"/>
</testsuite> <!-- com.crm.qa.testcases.ContactsPageTest -->
