<?xml version="1.0" encoding="UTF-8"?>
<!-- Generated by org.testng.reporters.JUnitReportReporter -->
<testsuite hostname="DESKTOP-DC07V1Q" failures="0" tests="3" name="com.crm.qa.testcases.HomePageTest" time="59.822" errors="0" timestamp="27 Feb 2020 16:03:54 GMT" skipped="0">
  <testcase classname="com.crm.qa.testcases.HomePageTest" name="verifyHomePageTitleTest" time="17.359"/>
  <testcase classname="com.crm.qa.testcases.HomePageTest" name="verifyUserNameTest" time="23.124"/>
  <testcase classname="com.crm.qa.testcases.HomePageTest" name="verifyContactsLinkTest" time="19.339"/>
</testsuite> <!-- com.crm.qa.testcases.HomePageTest -->
